#
# There is insufficient memory for the Java Runtime Environment to continue.
# Native memory allocation (mmap) failed to map 127926272 bytes for G1 virtual space
# Possible reasons:
#   The system is out of physical RAM or swap space
#   The process is running with CompressedOops enabled, and the Java Heap may be blocking the growth of the native heap
# Possible solutions:
#   Reduce memory load on the system
#   Increase physical memory or swap space
#   Check if swap backing store is full
#   Decrease Java heap size (-Xmx/-Xms)
#   Decrease number of Java threads
#   Decrease Java thread stack sizes (-Xss)
#   Set larger code cache with -XX:ReservedCodeCacheSize=
#   JVM is running with Unscaled Compressed Oops mode in which the Java heap is
#     placed in the first 4GB address space. The Java Heap base address is the
#     maximum limit for the native heap growth. Please use -XX:HeapBaseMinAddress
#     to set the Java Heap base and to place the Java Heap above 4GB virtual address.
# This output file may be truncated or incomplete.
#
#  Out of Memory Error (os_windows.cpp:3548), pid=15040, tid=10916
#
# JRE version:  (17.0.5+8) (build )
# Java VM: OpenJDK 64-Bit Server VM (17.0.5+8, mixed mode, sharing, tiered, compressed oops, compressed class ptrs, g1 gc, windows-amd64)
# No core dump will be written. Minidumps are not enabled by default on client versions of Windows
#

---------------  S U M M A R Y ------------

Command Line: -ea -Dfile.encoding=UTF-8 -XX:+ShowCodeDetailsInExceptionMessages org.eclipse.jdt.internal.junit.runner.RemoteTestRunner -version 3 -port 59355 -testLoaderClass org.eclipse.jdt.internal.junit4.runner.JUnit4TestLoader -loaderpluginname org.eclipse.jdt.junit4.runtime -classNames cmpt276Game.main.GamePanelTest

Host: Intel(R) Core(TM) i5-1035G4 CPU @ 1.10GHz, 8 cores, 7G,  Windows 11 , 64 bit Build 22621 (10.0.22621.1344)
Time: Mon Apr  3 23:25:28 2023 Pacific Daylight Time elapsed time: 0.066642 seconds (0d 0h 0m 0s)

---------------  T H R E A D  ---------------

Current thread (0x00000292ca3efd90):  JavaThread "Unknown thread" [_thread_in_vm, id=10916, stack(0x000000f323600000,0x000000f323700000)]

Stack: [0x000000f323600000,0x000000f323700000]
Native frames: (J=compiled Java code, j=interpreted, Vv=VM code, C=native code)
V  [jvm.dll+0x676b3a]
V  [jvm.dll+0x831444]
V  [jvm.dll+0x832bee]
V  [jvm.dll+0x833253]
V  [jvm.dll+0x244ce5]
V  [jvm.dll+0x673a49]
V  [jvm.dll+0x66811a]
V  [jvm.dll+0x303ceb]
V  [jvm.dll+0x30b1e6]
V  [jvm.dll+0x35adbe]
V  [jvm.dll+0x35afef]
V  [jvm.dll+0x2dab88]
V  [jvm.dll+0x2dbaf4]
V  [jvm.dll+0x803121]
V  [jvm.dll+0x368bb1]
V  [jvm.dll+0x7e265c]
V  [jvm.dll+0x3eb17f]
V  [jvm.dll+0x3eccc1]
C  [jli.dll+0x5267]
C  [ucrtbase.dll+0x29363]
C  [KERNEL32.DLL+0x126bd]
C  [ntdll.dll+0x5a9f8]


---------------  P R O C E S S  ---------------

Threads class SMR info:
_java_thread_list=0x00007fff86612f18, length=0, elements={
}

Java Threads: ( => current thread )

Other Threads:
  0x00000292ca44bf50 GCTaskThread "GC Thread#0" [stack: 0x000000f323700000,0x000000f323800000] [id=15668]
  0x00000292ca45c9d0 ConcurrentGCThread "G1 Main Marker" [stack: 0x000000f323800000,0x000000f323900000] [id=16236]
  0x00000292ca45d2e0 ConcurrentGCThread "G1 Conc#0" [stack: 0x000000f323900000,0x000000f323a00000] [id=14828]

[error occurred during error reporting (printing all threads), id 0xc0000005, EXCEPTION_ACCESS_VIOLATION (0xc0000005) at pc=0x00007fff85deb617]

VM state: not at safepoint (not fully initialized)

VM Mutex/Monitor currently owned by a thread:  ([mutex/lock_event])
[0x00000292ca3ec580] Heap_lock - owner thread: 0x00000292ca3efd90

Heap address: 0x0000000086600000, size: 1946 MB, Compressed Oops mode: 32-bit

CDS archive(s) mapped at: [0x0000000000000000-0x0000000000000000-0x0000000000000000), size 0, SharedBaseAddress: 0x0000000800000000, ArchiveRelocationMode: 0.
Narrow klass base: 0x0000000000000000, Narrow klass shift: 0, Narrow klass range: 0x0

GC Precious Log:
<Empty>

Heap:
 garbage-first heap   total 0K, used 0K [0x0000000086600000, 0x0000000100000000)
  region size 1024K, 0 young (0K), 0 survivors (0K)

[error occurred during error reporting (printing heap information), id 0xc0000005, EXCEPTION_ACCESS_VIOLATION (0xc0000005) at pc=0x00007fff861cfcb9]

GC Heap History (0 events):
No events

Dll operation events (1 events):
Event: 0.062 Loaded shared library C:\Users\jarel\.p2\pool\plugins\org.eclipse.justj.openjdk.hotspot.jre.full.win32.x86_64_17.0.5.v20221102-0933\jre\bin\java.dll

Deoptimization events (0 events):
No events

Classes unloaded (0 events):
No events

Classes redefined (0 events):
No events

Internal exceptions (0 events):
No events

VM Operations (0 events):
No events

Events (0 events):
No events


Dynamic libraries:
0x00007ff71e870000 - 0x00007ff71e87e000 	C:\Users\jarel\.p2\pool\plugins\org.eclipse.justj.openjdk.hotspot.jre.full.win32.x86_64_17.0.5.v20221102-0933\jre\bin\javaw.exe
0x00007fffcbe70000 - 0x00007fffcc084000 	C:\WINDOWS\SYSTEM32\ntdll.dll
0x00007fffcb4e0000 - 0x00007fffcb5a3000 	C:\WINDOWS\System32\KERNEL32.DLL
0x00007fffc9450000 - 0x00007fffc97ec000 	C:\WINDOWS\System32\KERNELBASE.dll
0x00007fffc92b0000 - 0x00007fffc93c1000 	C:\WINDOWS\System32\ucrtbase.dll
0x00007fffc2240000 - 0x00007fffc2257000 	C:\Users\jarel\.p2\pool\plugins\org.eclipse.justj.openjdk.hotspot.jre.full.win32.x86_64_17.0.5.v20221102-0933\jre\bin\jli.dll
0x00007fffca1a0000 - 0x00007fffca34d000 	C:\WINDOWS\System32\USER32.dll
0x00007fffc9af0000 - 0x00007fffc9b16000 	C:\WINDOWS\System32\win32u.dll
0x00007fffb6170000 - 0x00007fffb63fe000 	C:\WINDOWS\WinSxS\amd64_microsoft.windows.common-controls_6595b64144ccf1df_6.0.22621.608_none_a9444ca7c10bb01d\COMCTL32.dll
0x00007fffcbc10000 - 0x00007fffcbc39000 	C:\WINDOWS\System32\GDI32.dll
0x00007fffc9d00000 - 0x00007fffc9da7000 	C:\WINDOWS\System32\msvcrt.dll
0x00007fffc9960000 - 0x00007fffc9a73000 	C:\WINDOWS\System32\gdi32full.dll
0x00007fffc9b20000 - 0x00007fffc9bba000 	C:\WINDOWS\System32\msvcp_win.dll
0x00007fffc21f0000 - 0x00007fffc2209000 	C:\Users\jarel\.p2\pool\plugins\org.eclipse.justj.openjdk.hotspot.jre.full.win32.x86_64_17.0.5.v20221102-0933\jre\bin\VCRUNTIME140.dll
0x00007fffca100000 - 0x00007fffca131000 	C:\WINDOWS\System32\IMM32.DLL
0x00007fffc21b0000 - 0x00007fffc21bc000 	C:\Users\jarel\.p2\pool\plugins\org.eclipse.justj.openjdk.hotspot.jre.full.win32.x86_64_17.0.5.v20221102-0933\jre\bin\vcruntime140_1.dll
0x00007fffa3930000 - 0x00007fffa39c1000 	C:\Users\jarel\.p2\pool\plugins\org.eclipse.justj.openjdk.hotspot.jre.full.win32.x86_64_17.0.5.v20221102-0933\jre\bin\msvcp140.dll
0x00007fff85b00000 - 0x00007fff86744000 	C:\Users\jarel\.p2\pool\plugins\org.eclipse.justj.openjdk.hotspot.jre.full.win32.x86_64_17.0.5.v20221102-0933\jre\bin\server\jvm.dll
0x00007fffca450000 - 0x00007fffca4fe000 	C:\WINDOWS\System32\ADVAPI32.dll
0x00007fffcb430000 - 0x00007fffcb4d4000 	C:\WINDOWS\System32\sechost.dll
0x00007fffcab20000 - 0x00007fffcac35000 	C:\WINDOWS\System32\RPCRT4.dll
0x00007fffbb000000 - 0x00007fffbb00a000 	C:\WINDOWS\SYSTEM32\VERSION.dll
0x00007fffac920000 - 0x00007fffac929000 	C:\WINDOWS\SYSTEM32\WSOCK32.dll
0x00007fffc1750000 - 0x00007fffc1784000 	C:\WINDOWS\SYSTEM32\WINMM.dll
0x00007fffc9c80000 - 0x00007fffc9cf1000 	C:\WINDOWS\System32\WS2_32.dll
0x00007fffc8300000 - 0x00007fffc8318000 	C:\WINDOWS\SYSTEM32\kernel.appcore.dll
0x00007fffc2190000 - 0x00007fffc219a000 	C:\Users\jarel\.p2\pool\plugins\org.eclipse.justj.openjdk.hotspot.jre.full.win32.x86_64_17.0.5.v20221102-0933\jre\bin\jimage.dll
0x00007fffba720000 - 0x00007fffba94e000 	C:\WINDOWS\SYSTEM32\DBGHELP.DLL
0x00007fffcb7d0000 - 0x00007fffcbb59000 	C:\WINDOWS\System32\combase.dll
0x00007fffcbd00000 - 0x00007fffcbdd7000 	C:\WINDOWS\System32\OLEAUT32.dll
0x00007fffac740000 - 0x00007fffac772000 	C:\WINDOWS\SYSTEM32\dbgcore.DLL
0x00007fffc93d0000 - 0x00007fffc944b000 	C:\WINDOWS\System32\bcryptPrimitives.dll
0x00007fffb9530000 - 0x00007fffb9555000 	C:\Users\jarel\.p2\pool\plugins\org.eclipse.justj.openjdk.hotspot.jre.full.win32.x86_64_17.0.5.v20221102-0933\jre\bin\java.dll

dbghelp: loaded successfully - version: 4.0.5 - missing functions: none
symbol engine: initialized successfully - sym options: 0x614 - pdb path: .;C:\Users\jarel\.p2\pool\plugins\org.eclipse.justj.openjdk.hotspot.jre.full.win32.x86_64_17.0.5.v20221102-0933\jre\bin;C:\WINDOWS\SYSTEM32;C:\WINDOWS\WinSxS\amd64_microsoft.windows.common-controls_6595b64144ccf1df_6.0.22621.608_none_a9444ca7c10bb01d;C:\Users\jarel\.p2\pool\plugins\org.eclipse.justj.openjdk.hotspot.jre.full.win32.x86_64_17.0.5.v20221102-0933\jre\bin\server

VM Arguments:
jvm_args: -ea -Dfile.encoding=UTF-8 -XX:+ShowCodeDetailsInExceptionMessages 
java_command: org.eclipse.jdt.internal.junit.runner.RemoteTestRunner -version 3 -port 59355 -testLoaderClass org.eclipse.jdt.internal.junit4.runner.JUnit4TestLoader -loaderpluginname org.eclipse.jdt.junit4.runtime -classNames cmpt276Game.main.GamePanelTest
java_class_path (initial): C:\Users\jarel\eclipse-workspace\276group17game\CMPT276Game\target\test-classes;C:\Users\jarel\eclipse-workspace\276group17game\CMPT276Game\target\classes;C:\Users\jarel\.p2\pool\plugins\junit-jupiter-api_5.9.1.jar;C:\Users\jarel\.p2\pool\plugins\junit-jupiter-engine_5.9.1.jar;C:\Users\jarel\.p2\pool\plugins\junit-jupiter-migrationsupport_5.9.1.jar;C:\Users\jarel\.p2\pool\plugins\junit-jupiter-params_5.9.1.jar;C:\Users\jarel\.p2\pool\plugins\junit-platform-commons_1.9.1.jar;C:\Users\jarel\.p2\pool\plugins\junit-platform-engine_1.9.1.jar;C:\Users\jarel\.p2\pool\plugins\junit-platform-launcher_1.9.1.jar;C:\Users\jarel\.p2\pool\plugins\junit-platform-runner_1.9.1.jar;C:\Users\jarel\.p2\pool\plugins\junit-platform-suite-api_1.9.1.jar;C:\Users\jarel\.p2\pool\plugins\junit-platform-suite-engine_1.9.1.jar;C:\Users\jarel\.p2\pool\plugins\junit-platform-suite-commons_1.9.1.jar;C:\Users\jarel\.p2\pool\plugins\junit-vintage-engine_5.9.1.jar;C:\Users\jarel\.p2\pool\plugins\org.opentest4j_1.2.0.jar;C:\Users\jarel\.p2\pool\plugins\org.apiguardian.api_1.1.2.jar;C:\Users\jarel\.p2\pool\plugins\org.junit_4.13.2.v20211018-1956.jar;C:\Users\jarel\.p2\pool\plugins\org.hamcrest.core_1.3.0.v20180420-1519.jar;C:\Users\jarel\.m2\repository\junit\junit\4.11\junit-4.11.jar;C:\Users\jarel\.m2\repository\org\hamcrest\hamcrest-core\1.3\hamcrest-core-1.3.jar;C:\Users\jarel\.m2\repository\org\junit\jupiter\junit-jupiter\5.8.2\junit-jupiter-5.8.2.jar;C:\Users\jarel\.m2\repository\org\junit\jupiter\junit-jupiter-api\5.8.2\junit-jupiter-api-5.8.2.jar;C:\Users\jarel\.m2\repository\org\opentest4j\opentest4j\1.2.0\opentest4j-1.2.0.jar;C:\Users\jarel\.m2\repository\org\junit\platform\junit-platform-commons\1.8.2\junit-platform-commons-1.8.2.jar;C:\Users\jarel\.m2\repository\org\apiguardian\apiguardian-api\1.1.2\apiguardian-api-1.1.2.jar;C:\Users\jarel\.m2\repository\org\junit\jupiter\junit-jupiter-params\5.8.2\junit-jupiter-params-5.8.2.jar;C:\Users\jarel\.m2\repository\org\
Launcher Type: SUN_STANDARD

[Global flags]
     intx CICompilerCount                          = 4                                         {product} {ergonomic}
     uint ConcGCThreads                            = 2                                         {product} {ergonomic}
     uint G1ConcRefinementThreads                  = 8                                         {product} {ergonomic}
   size_t G1HeapRegionSize                         = 1048576                                   {product} {ergonomic}
    uintx GCDrainStackTargetSize                   = 64                                        {product} {ergonomic}
   size_t InitialHeapSize                          = 127926272                                 {product} {ergonomic}
   size_t MarkStackSize                            = 4194304                                   {product} {ergonomic}
   size_t MaxHeapSize                              = 2040528896                                {product} {ergonomic}
   size_t MinHeapDeltaBytes                        = 1048576                                   {product} {ergonomic}
   size_t MinHeapSize                              = 8388608                                   {product} {ergonomic}
    uintx NonNMethodCodeHeapSize                   = 5839372                                {pd product} {ergonomic}
    uintx NonProfiledCodeHeapSize                  = 122909434                              {pd product} {ergonomic}
    uintx ProfiledCodeHeapSize                     = 122909434                              {pd product} {ergonomic}
    uintx ReservedCodeCacheSize                    = 251658240                              {pd product} {ergonomic}
     bool SegmentedCodeCache                       = true                                      {product} {ergonomic}
     bool ShowCodeDetailsInExceptionMessages       = true                                   {manageable} {command line}
   size_t SoftMaxHeapSize                          = 2040528896                             {manageable} {ergonomic}
     bool UseCompressedClassPointers               = true                           {product lp64_product} {ergonomic}
     bool UseCompressedOops                        = true                           {product lp64_product} {ergonomic}
     bool UseG1GC                                  = true                                      {product} {ergonomic}
     bool UseLargePagesIndividualAllocation        = false                                  {pd product} {ergonomic}

Logging:
Log output configuration:
 #0: stdout all=warning uptime,level,tags
 #1: stderr all=off uptime,level,tags

Environment Variables:
JAVA_HOME=C:\Users\jarel\jdk-19_windows-x64_bin\jdk-19.0.2
PATH=C:/Users/jarel/.p2/pool/plugins/org.eclipse.justj.openjdk.hotspot.jre.full.win32.x86_64_17.0.5.v20221102-0933/jre/bin/server;C:/Users/jarel/.p2/pool/plugins/org.eclipse.justj.openjdk.hotspot.jre.full.win32.x86_64_17.0.5.v20221102-0933/jre/bin;C:\WINDOWS\system32;C:\WINDOWS;C:\WINDOWS\System32\Wbem;C:\WINDOWS\System32\WindowsPowerShell\v1.0\;C:\WINDOWS\System32\OpenSSH\;C:\Users\jarel\OneDrive\Documents\University Courses\Fall 2022\MATH 232\bin;C:\Users\jarel\OneDrive\Documents\University Courses\Fall 2022\MATH 232\MATLAB\bin;C:\Program Files\Git\cmd;C:\Users\jarel\jdk-19_windows-x64_bin\jdk-19.0.2\bin;C:\Users\jarel\anaconda3;C:\Users\jarel\apache-maven-3.9.0\bin;C:\Users\jarel\Documents\Microsoft VS Code\bin;C:\WINDOWS\system32;
USERNAME=jarel
OS=Windows_NT
PROCESSOR_IDENTIFIER=Intel64 Family 6 Model 126 Stepping 5, GenuineIntel
TMP=C:\Users\jarel\AppData\Local\Temp
TEMP=C:\Users\jarel\AppData\Local\Temp



---------------  S Y S T E M  ---------------

OS:
 Windows 11 , 64 bit Build 22621 (10.0.22621.1344)
OS uptime: 0 days 12:19 hours

CPU: total 8 (initial active 8) (4 cores per cpu, 2 threads per core) family 6 model 126 stepping 5 microcode 0xb0, cx8, cmov, fxsr, ht, mmx, 3dnowpref, sse, sse2, sse3, ssse3, sse4.1, sse4.2, popcnt, lzcnt, tsc, tscinvbit, avx, avx2, aes, erms, clmul, bmi1, bmi2, adx, avx512f, avx512dq, avx512cd, avx512bw, avx512vl, sha, fma, vzeroupper, avx512_vpopcntdq, avx512_vpclmulqdq, avx512_vaes, avx512_vnni, clflush, clflushopt, avx512_vbmi2, avx512_vbmi

Memory: 4k page, system-wide physical 7778M (1300M free)
TotalPageFile size 7778M (AvailPageFile size 64M)
current process WorkingSet (physical memory assigned to process): 11M, peak: 11M
current process commit charge ("private bytes"): 60M, peak: 182M

vm_info: OpenJDK 64-Bit Server VM (17.0.5+8) for windows-amd64 JRE (17.0.5+8), built on Oct 19 2022 04:48:13 by "temurin" with MS VC++ 16.7 (VS2019)

END.
